<?xml version="1.0" encoding="UTF-8"?>
<!-- Generated by org.testng.reporters.JUnitReportReporter -->
<testsuite skipped="0" hostname="tangw79" name="bluecake.validateMenuBar" tests="1" failures="0" timestamp="25 Jun 2018 01:08:30 GMT" time="23.675" errors="0">
  <testcase name="baseNavigation" time="23.675" classname="bluecake.validateMenuBar"/>
</testsuite> <!-- bluecake.validateMenuBar -->
