<?xml version="1.0" encoding="UTF-8"?>
<!-- Generated by org.testng.reporters.JUnitReportReporter -->
<testsuite skipped="0" hostname="tangw79" name="bluecake.HomePage" tests="2" failures="0" timestamp="24 Jun 2018 00:27:21 GMT" time="68.692" errors="0">
  <testcase name="baseNavigation" time="33.687" classname="bluecake.HomePage"/>
  <testcase name="baseNavigation" time="35.005" classname="bluecake.HomePage"/>
</testsuite> <!-- bluecake.HomePage -->
