<?xml version="1.0" encoding="UTF-8"?>
<!-- Generated by org.testng.reporters.JUnitReportReporter -->
<testsuite skipped="0" hostname="tangw79" name="bluecake.validateMenuBar" tests="1" failures="0" timestamp="24 Jun 2018 00:27:21 GMT" time="42.264" errors="0">
  <testcase name="baseNavigation" time="42.264" classname="bluecake.validateMenuBar"/>
</testsuite> <!-- bluecake.validateMenuBar -->
