<?xml version="1.0" encoding="UTF-8"?>
<!-- Generated by org.testng.reporters.JUnitReportReporter -->
<testsuite skipped="0" hostname="tangw79" name="bluecake.validateTitle" tests="1" failures="0" timestamp="24 Jun 2018 00:27:21 GMT" time="16.823" errors="0">
  <testcase name="baseNavigation" time="16.823" classname="bluecake.validateTitle"/>
</testsuite> <!-- bluecake.validateTitle -->
